<?xml version="1.0" encoding="UTF-8"?>
<!-- Generated by org.testng.reporters.JUnitReportReporter -->
<testsuite hostname="LAPTOP-44O1TB5O" failures="0" tests="1" name="compenent_testing.Verify_Title" time="0.095" errors="0" timestamp="2024-04-06T21:27:01 IST" skipped="0">
  <testcase classname="compenent_testing.Verify_Title" name="Title" time="0.095"/>
  <system-out/>
</testsuite> <!-- compenent_testing.Verify_Title -->
