<?xml version="1.0" encoding="UTF-8"?>
<!-- Generated by org.testng.reporters.JUnitReportReporter -->
<testsuite hostname="LAPTOP-44O1TB5O" failures="0" tests="3" name="Test_Scenarios.TC_10" time="26.515" errors="0" timestamp="2024-04-09T11:45:41 IST" skipped="0">
  <testcase classname="Test_Scenarios.TC_10" name="Lumalogin" time="13.630"/>
  <system-out/>
  <testcase classname="Test_Scenarios.TC_10" name="addProductToCart" time="9.900"/>
  <system-out/>
  <testcase classname="Test_Scenarios.TC_10" name="checkOutPage" time="2.985"/>
  <system-out/>
</testsuite> <!-- Test_Scenarios.TC_10 -->
