<?xml version="1.0" encoding="UTF-8"?>
<!-- Generated by org.testng.reporters.JUnitReportReporter -->
<testsuite hostname="LAPTOP-44O1TB5O" failures="0" tests="1" name="Test_Scenarios.TC_04" time="0.045" errors="0" timestamp="2024-04-08T20:04:34 IST" skipped="0">
  <testcase classname="Test_Scenarios.TC_04" name="Title" time="0.045"/>
  <system-out/>
</testsuite> <!-- Test_Scenarios.TC_04 -->
