<?xml version="1.0" encoding="UTF-8"?>
<!-- Generated by org.testng.reporters.JUnitReportReporter -->
<testsuite hostname="LAPTOP-44O1TB5O" failures="0" tests="2" name="Test_Scenarios.TC_13" time="27.238" errors="0" timestamp="2024-04-09T17:36:53 IST" skipped="0">
  <testcase classname="Test_Scenarios.TC_13" name="LumaLogin" time="17.231"/>
  <system-out/>
  <testcase classname="Test_Scenarios.TC_13" name="addToWishList" time="10.007"/>
  <system-out/>
</testsuite> <!-- Test_Scenarios.TC_13 -->
