<?xml version="1.0" encoding="UTF-8"?>
<!-- Generated by org.testng.reporters.JUnitReportReporter -->
<testsuite hostname="LAPTOP-44O1TB5O" failures="0" tests="7" name="Test_Scenarios.Compenents" time="23.215" errors="0" timestamp="2024-04-08T12:09:26 IST" skipped="0">
  <testcase classname="Test_Scenarios.Compenents" name="LumaLogin" time="14.668"/>
  <system-out/>
  <testcase classname="Test_Scenarios.Compenents" name="whatsnew" time="1.585"/>
  <system-out/>
  <testcase classname="Test_Scenarios.Compenents" name="womenSection" time="1.710"/>
  <system-out/>
  <testcase classname="Test_Scenarios.Compenents" name="menSection" time="1.538"/>
  <system-out/>
  <testcase classname="Test_Scenarios.Compenents" name="gearSection" time="1.725"/>
  <system-out/>
  <testcase classname="Test_Scenarios.Compenents" name="trainingSection" time="1.952"/>
  <system-out/>
  <testcase classname="Test_Scenarios.Compenents" name="saleSection" time="0.037"/>
  <system-out/>
</testsuite> <!-- Test_Scenarios.Compenents -->
