<?xml version="1.0" encoding="UTF-8"?>
<!-- Generated by org.testng.reporters.JUnitReportReporter -->
<testsuite hostname="LAPTOP-44O1TB5O" failures="0" tests="1" name="compenent_testing.Compenents" time="2.350" errors="0" timestamp="2024-04-06T18:26:33 IST" skipped="0">
  <testcase classname="compenent_testing.Compenents" name="whatsnew" time="2.350"/>
  <system-out/>
</testsuite> <!-- compenent_testing.Compenents -->
