<?xml version="1.0" encoding="UTF-8"?>
<!-- Generated by org.testng.reporters.JUnitReportReporter -->
<testsuite hostname="LAPTOP-44O1TB5O" failures="0" tests="2" name="Test_Scenarios.TC_21" time="18.903" errors="0" timestamp="2024-04-10T11:26:52 IST" skipped="0">
  <testcase classname="Test_Scenarios.TC_21" name="LumaLogin" time="16.614"/>
  <system-out/>
  <testcase classname="Test_Scenarios.TC_21" name="SearchandClear" time="2.289"/>
  <system-out/>
</testsuite> <!-- Test_Scenarios.TC_21 -->
