<?xml version="1.0" encoding="UTF-8"?>
<!-- Generated by org.testng.reporters.JUnitReportReporter -->
<testsuite hostname="LAPTOP-44O1TB5O" failures="0" tests="2" name="Test_Scenarios.TC_19" time="26.657" errors="0" timestamp="2024-04-10T10:55:41 IST" skipped="0">
  <testcase classname="Test_Scenarios.TC_19" name="addReview" time="11.713"/>
  <system-out/>
  <testcase classname="Test_Scenarios.TC_19" name="LumaLogin" time="14.944"/>
  <system-out/>
</testsuite> <!-- Test_Scenarios.TC_19 -->
