<?xml version="1.0" encoding="UTF-8"?>
<!-- Generated by org.testng.reporters.JUnitReportReporter -->
<testsuite hostname="LAPTOP-44O1TB5O" failures="0" tests="2" name="Test_Scenarios.TC_08" time="26.546" errors="0" timestamp="2024-04-09T11:04:57 IST" skipped="0">
  <testcase classname="Test_Scenarios.TC_08" name="Lumalogin" time="15.550"/>
  <system-out/>
  <testcase classname="Test_Scenarios.TC_08" name="addProductToCart" time="10.996"/>
  <system-out/>
</testsuite> <!-- Test_Scenarios.TC_08 -->
