<?xml version="1.0" encoding="UTF-8"?>
<!-- Generated by org.testng.reporters.JUnitReportReporter -->
<testsuite hostname="LAPTOP-44O1TB5O" failures="0" tests="2" name="Test_Scenarios.TC_20" time="22.685" errors="0" timestamp="2024-04-10T11:22:21 IST" skipped="0">
  <testcase classname="Test_Scenarios.TC_20" name="footerOptions" time="7.168"/>
  <system-out/>
  <testcase classname="Test_Scenarios.TC_20" name="LumaLogin" time="15.517"/>
  <system-out/>
</testsuite> <!-- Test_Scenarios.TC_20 -->
