<?xml version="1.0" encoding="UTF-8"?>
<!-- Generated by org.testng.reporters.JUnitReportReporter -->
<testsuite hostname="LAPTOP-44O1TB5O" failures="0" tests="2" name="Test_Scenarios.TC_07" time="20.206" errors="0" timestamp="2024-04-08T22:09:30 IST" skipped="0">
  <testcase classname="Test_Scenarios.TC_07" name="Lumalogin" time="16.923"/>
  <system-out/>
  <testcase classname="Test_Scenarios.TC_07" name="SearchItem" time="3.283"/>
  <system-out/>
</testsuite> <!-- Test_Scenarios.TC_07 -->
